<?xml version="1.0" encoding="UTF-8"?>
<testng-results ignored="0" total="12" passed="10" failed="2" skipped="0">
  <reporter-output>
  </reporter-output>
  <suite started-at="2021-11-04T16:14:02 IST" name="Suite3" finished-at="2021-11-04T16:24:15 IST" duration-ms="613099">
    <groups>
    </groups>
    <test started-at="2021-11-04T16:14:02 IST" name="done.mm.qa.testcases" finished-at="2021-11-04T16:24:15 IST" duration-ms="613099">
      <class name="done.mm.qa.testcases.CreateRfpTest">
        <test-method is-config="true" signature="setup()[pri:0, instance:done.mm.qa.testcases.CreateRfpTest@36902638]" started-at="2021-11-04T16:14:35 IST" name="setup" finished-at="2021-11-04T16:14:46 IST" duration-ms="10973" status="PASS">
          <reporter-output>
          </reporter-output>
        </test-method> <!-- setup -->
        <test-method signature="CreateRfp()[pri:1, instance:done.mm.qa.testcases.CreateRfpTest@36902638]" started-at="2021-11-04T16:14:46 IST" name="CreateRfp" finished-at="2021-11-04T16:15:08 IST" duration-ms="22510" status="PASS">
          <reporter-output>
          </reporter-output>
        </test-method> <!-- CreateRfp -->
        <test-method is-config="true" signature="tearDown()[pri:0, instance:done.mm.qa.testcases.CreateRfpTest@36902638]" started-at="2021-11-04T16:15:08 IST" name="tearDown" finished-at="2021-11-04T16:15:10 IST" duration-ms="2083" status="PASS">
          <reporter-output>
          </reporter-output>
        </test-method> <!-- tearDown -->
      </class> <!-- done.mm.qa.testcases.CreateRfpTest -->
      <class name="done.mm.qa.testcases.AddMaterialTest">
        <test-method is-config="true" signature="setup()[pri:0, instance:done.mm.qa.testcases.AddMaterialTest@2b662a77]" started-at="2021-11-04T16:23:40 IST" name="setup" finished-at="2021-11-04T16:23:50 IST" duration-ms="9291" status="PASS">
          <reporter-output>
          </reporter-output>
        </test-method> <!-- setup -->
        <test-method signature="Addmaterial()[pri:1, instance:done.mm.qa.testcases.AddMaterialTest@2b662a77]" started-at="2021-11-04T16:23:50 IST" name="Addmaterial" finished-at="2021-11-04T16:24:13 IST" duration-ms="23094" status="PASS">
          <reporter-output>
          </reporter-output>
        </test-method> <!-- Addmaterial -->
        <test-method is-config="true" signature="tearDown()[pri:0, instance:done.mm.qa.testcases.AddMaterialTest@2b662a77]" started-at="2021-11-04T16:24:13 IST" name="tearDown" finished-at="2021-11-04T16:24:15 IST" duration-ms="2797" status="PASS">
          <reporter-output>
          </reporter-output>
        </test-method> <!-- tearDown -->
      </class> <!-- done.mm.qa.testcases.AddMaterialTest -->
      <class name="done.mm.qa.testcases.ReceiptAgaistPoTest">
        <test-method is-config="true" signature="setup()[pri:0, instance:done.mm.qa.testcases.ReceiptAgaistPoTest@8f4ea7c]" started-at="2021-11-04T16:16:37 IST" name="setup" finished-at="2021-11-04T16:16:49 IST" duration-ms="11627" status="PASS">
          <reporter-output>
          </reporter-output>
        </test-method> <!-- setup -->
        <test-method signature="ReceiptAgaistPo()[pri:1, instance:done.mm.qa.testcases.ReceiptAgaistPoTest@8f4ea7c]" started-at="2021-11-04T16:16:49 IST" name="ReceiptAgaistPo" finished-at="2021-11-04T16:17:25 IST" duration-ms="36512" status="PASS">
          <reporter-output>
          </reporter-output>
        </test-method> <!-- ReceiptAgaistPo -->
        <test-method is-config="true" signature="tearDown()[pri:0, instance:done.mm.qa.testcases.ReceiptAgaistPoTest@8f4ea7c]" started-at="2021-11-04T16:17:25 IST" name="tearDown" finished-at="2021-11-04T16:17:27 IST" duration-ms="2080" status="PASS">
          <reporter-output>
          </reporter-output>
        </test-method> <!-- tearDown -->
      </class> <!-- done.mm.qa.testcases.ReceiptAgaistPoTest -->
      <class name="done.mm.qa.testcases.DirectGrnTest">
        <test-method is-config="true" signature="setup()[pri:0, instance:done.mm.qa.testcases.DirectGrnTest@7f3b84b8]" started-at="2021-11-04T16:22:21 IST" name="setup" finished-at="2021-11-04T16:22:31 IST" duration-ms="10439" status="PASS">
          <reporter-output>
          </reporter-output>
        </test-method> <!-- setup -->
        <test-method signature="DirectGrn()[pri:1, instance:done.mm.qa.testcases.DirectGrnTest@7f3b84b8]" started-at="2021-11-04T16:22:31 IST" name="DirectGrn" finished-at="2021-11-04T16:23:05 IST" duration-ms="33983" status="PASS">
          <reporter-output>
          </reporter-output>
        </test-method> <!-- DirectGrn -->
        <test-method is-config="true" signature="tearDown()[pri:0, instance:done.mm.qa.testcases.DirectGrnTest@7f3b84b8]" started-at="2021-11-04T16:23:05 IST" name="tearDown" finished-at="2021-11-04T16:23:07 IST" duration-ms="2082" status="PASS">
          <reporter-output>
          </reporter-output>
        </test-method> <!-- tearDown -->
      </class> <!-- done.mm.qa.testcases.DirectGrnTest -->
      <class name="done.mm.qa.testcases.AddSupplierTest">
        <test-method is-config="true" signature="setup()[pri:0, instance:done.mm.qa.testcases.AddSupplierTest@57a3af25]" started-at="2021-11-04T16:23:07 IST" name="setup" finished-at="2021-11-04T16:23:18 IST" duration-ms="10855" status="PASS">
          <reporter-output>
          </reporter-output>
        </test-method> <!-- setup -->
        <test-method signature="AddSupplier()[pri:1, instance:done.mm.qa.testcases.AddSupplierTest@57a3af25]" started-at="2021-11-04T16:23:18 IST" name="AddSupplier" finished-at="2021-11-04T16:23:38 IST" duration-ms="20237" status="PASS">
          <reporter-output>
          </reporter-output>
        </test-method> <!-- AddSupplier -->
        <test-method is-config="true" signature="tearDown()[pri:0, instance:done.mm.qa.testcases.AddSupplierTest@57a3af25]" started-at="2021-11-04T16:23:38 IST" name="tearDown" finished-at="2021-11-04T16:23:40 IST" duration-ms="2081" status="PASS">
          <reporter-output>
          </reporter-output>
        </test-method> <!-- tearDown -->
      </class> <!-- done.mm.qa.testcases.AddSupplierTest -->
      <class name="done.mm.qa.testcases.IssueToPrTest">
        <test-method is-config="true" signature="setup()[pri:0, instance:done.mm.qa.testcases.IssueToPrTest@158d2680]" started-at="2021-11-04T16:20:17 IST" name="setup" finished-at="2021-11-04T16:20:28 IST" duration-ms="10345" status="PASS">
          <reporter-output>
          </reporter-output>
        </test-method> <!-- setup -->
        <test-method signature="IssueToPr()[pri:1, instance:done.mm.qa.testcases.IssueToPrTest@158d2680]" started-at="2021-11-04T16:20:28 IST" name="IssueToPr" finished-at="2021-11-04T16:21:06 IST" duration-ms="38477" status="PASS">
          <reporter-output>
          </reporter-output>
        </test-method> <!-- IssueToPr -->
        <test-method is-config="true" signature="tearDown()[pri:0, instance:done.mm.qa.testcases.IssueToPrTest@158d2680]" started-at="2021-11-04T16:21:06 IST" name="tearDown" finished-at="2021-11-04T16:21:08 IST" duration-ms="2081" status="PASS">
          <reporter-output>
          </reporter-output>
        </test-method> <!-- tearDown -->
      </class> <!-- done.mm.qa.testcases.IssueToPrTest -->
      <class name="done.mm.qa.testcases.PaymentRecordTest">
        <test-method is-config="true" signature="setup()[pri:0, instance:done.mm.qa.testcases.PaymentRecordTest@74fe5c40]" started-at="2021-11-04T16:18:34 IST" name="setup" finished-at="2021-11-04T16:18:47 IST" duration-ms="12716" status="PASS">
          <reporter-output>
          </reporter-output>
        </test-method> <!-- setup -->
        <test-method signature="PaymentRecord()[pri:1, instance:done.mm.qa.testcases.PaymentRecordTest@74fe5c40]" started-at="2021-11-04T16:18:47 IST" name="PaymentRecord" finished-at="2021-11-04T16:19:30 IST" duration-ms="42700" status="PASS">
          <reporter-output>
          </reporter-output>
        </test-method> <!-- PaymentRecord -->
        <test-method is-config="true" signature="tearDown()[pri:0, instance:done.mm.qa.testcases.PaymentRecordTest@74fe5c40]" started-at="2021-11-04T16:19:30 IST" name="tearDown" finished-at="2021-11-04T16:19:32 IST" duration-ms="2086" status="PASS">
          <reporter-output>
          </reporter-output>
        </test-method> <!-- tearDown -->
      </class> <!-- done.mm.qa.testcases.PaymentRecordTest -->
      <class name="done.mm.qa.testcases.ReceiptTest">
        <test-method is-config="true" signature="setup()[pri:0, instance:done.mm.qa.testcases.ReceiptTest@436813f3]" started-at="2021-11-04T16:17:27 IST" name="setup" finished-at="2021-11-04T16:17:38 IST" duration-ms="10970" status="PASS">
          <reporter-output>
          </reporter-output>
        </test-method> <!-- setup -->
        <test-method signature="Receipt()[pri:1, instance:done.mm.qa.testcases.ReceiptTest@436813f3]" started-at="2021-11-04T16:17:38 IST" name="Receipt" finished-at="2021-11-04T16:18:32 IST" duration-ms="54091" status="FAIL">
          <exception class="org.openqa.selenium.NoSuchElementException">
            <message>
              <![CDATA[no such element: Unable to locate element: {"method":"xpath","selector":"//div/menu-item[1]/a[1]/button[1]/span[1]/div[1]/div[1]/span[contains(text(),'Home')]"}
  (Session info: chrome=93.0.4577.63)
For documentation on this error, please visit: https://selenium.dev/exceptions/#no_such_element
Build info: version: '4.0.0', revision: '3a21814679'
System info: host: 'BuildSupply-PC9', ip: '127.0.1.1', os.name: 'Linux', os.arch: 'amd64', os.version: '5.11.0-31-generic', java.version: '11.0.11'
Driver info: org.openqa.selenium.chrome.ChromeDriver
Command: [48fde0fce925d1a4326aea1d81e05c29, findElement {using=xpath, value=//div/menu-item[1]/a[1]/button[1]/span[1]/div[1]/div[1]/span[contains(text(),'Home')]}]
Capabilities {acceptInsecureCerts: false, browserName: chrome, browserVersion: 93.0.4577.63, chrome: {chromedriverVersion: 92.0.4515.107 (87a818b10553..., userDataDir: /tmp/.com.google.Chrome.CvNpZc}, goog:chromeOptions: {debuggerAddress: localhost:33611}, javascriptEnabled: true, networkConnectionEnabled: false, pageLoadStrategy: normal, platform: LINUX, platformName: LINUX, proxy: Proxy(), se:cdp: ws://localhost:33611/devtoo..., se:cdpVersion: 93.0.4577.63, setWindowRect: true, strictFileInteractability: false, timeouts: {implicit: 0, pageLoad: 300000, script: 30000}, unhandledPromptBehavior: dismiss and notify, webauthn:extension:credBlob: true, webauthn:extension:largeBlob: true, webauthn:virtualAuthenticators: true}
Session ID: 48fde0fce925d1a4326aea1d81e05c29]]>
            </message>
            <full-stacktrace>
              <![CDATA[org.openqa.selenium.NoSuchElementException: no such element: Unable to locate element: {"method":"xpath","selector":"//div/menu-item[1]/a[1]/button[1]/span[1]/div[1]/div[1]/span[contains(text(),'Home')]"}
  (Session info: chrome=93.0.4577.63)
For documentation on this error, please visit: https://selenium.dev/exceptions/#no_such_element
Build info: version: '4.0.0', revision: '3a21814679'
System info: host: 'BuildSupply-PC9', ip: '127.0.1.1', os.name: 'Linux', os.arch: 'amd64', os.version: '5.11.0-31-generic', java.version: '11.0.11'
Driver info: org.openqa.selenium.chrome.ChromeDriver
Command: [48fde0fce925d1a4326aea1d81e05c29, findElement {using=xpath, value=//div/menu-item[1]/a[1]/button[1]/span[1]/div[1]/div[1]/span[contains(text(),'Home')]}]
Capabilities {acceptInsecureCerts: false, browserName: chrome, browserVersion: 93.0.4577.63, chrome: {chromedriverVersion: 92.0.4515.107 (87a818b10553..., userDataDir: /tmp/.com.google.Chrome.CvNpZc}, goog:chromeOptions: {debuggerAddress: localhost:33611}, javascriptEnabled: true, networkConnectionEnabled: false, pageLoadStrategy: normal, platform: LINUX, platformName: LINUX, proxy: Proxy(), se:cdp: ws://localhost:33611/devtoo..., se:cdpVersion: 93.0.4577.63, setWindowRect: true, strictFileInteractability: false, timeouts: {implicit: 0, pageLoad: 300000, script: 30000}, unhandledPromptBehavior: dismiss and notify, webauthn:extension:credBlob: true, webauthn:extension:largeBlob: true, webauthn:virtualAuthenticators: true}
Session ID: 48fde0fce925d1a4326aea1d81e05c29
at java.base/jdk.internal.reflect.NativeConstructorAccessorImpl.newInstance0(Native Method)
at java.base/jdk.internal.reflect.NativeConstructorAccessorImpl.newInstance(NativeConstructorAccessorImpl.java:62)
at java.base/jdk.internal.reflect.DelegatingConstructorAccessorImpl.newInstance(DelegatingConstructorAccessorImpl.java:45)
at java.base/java.lang.reflect.Constructor.newInstance(Constructor.java:490)
at org.openqa.selenium.remote.codec.w3c.W3CHttpResponseCodec.createException(W3CHttpResponseCodec.java:200)
at org.openqa.selenium.remote.codec.w3c.W3CHttpResponseCodec.decode(W3CHttpResponseCodec.java:133)
at org.openqa.selenium.remote.codec.w3c.W3CHttpResponseCodec.decode(W3CHttpResponseCodec.java:53)
at org.openqa.selenium.remote.HttpCommandExecutor.execute(HttpCommandExecutor.java:184)
at org.openqa.selenium.remote.service.DriverCommandExecutor.invokeExecute(DriverCommandExecutor.java:164)
at org.openqa.selenium.remote.service.DriverCommandExecutor.execute(DriverCommandExecutor.java:139)
at org.openqa.selenium.remote.RemoteWebDriver.execute(RemoteWebDriver.java:559)
at org.openqa.selenium.remote.ElementLocation$ElementFinder$2.findElement(ElementLocation.java:162)
at org.openqa.selenium.remote.ElementLocation.findElement(ElementLocation.java:60)
at org.openqa.selenium.remote.RemoteWebDriver.findElement(RemoteWebDriver.java:383)
at org.openqa.selenium.remote.RemoteWebDriver.findElement(RemoteWebDriver.java:375)
at jdk.internal.reflect.GeneratedMethodAccessor4.invoke(Unknown Source)
at java.base/jdk.internal.reflect.DelegatingMethodAccessorImpl.invoke(DelegatingMethodAccessorImpl.java:43)
at java.base/java.lang.reflect.Method.invoke(Method.java:566)
at org.openqa.selenium.support.events.EventFiringWebDriver.lambda$new$1(EventFiringWebDriver.java:115)
at com.sun.proxy.$Proxy15.findElement(Unknown Source)
at org.openqa.selenium.support.events.EventFiringWebDriver.findElement(EventFiringWebDriver.java:204)
at done.mm.qa.pages.Receipt_Shortclose_Payment.receipt(Receipt_Shortclose_Payment.java:124)
at done.mm.qa.testcases.ReceiptTest.Receipt(ReceiptTest.java:34)
at java.base/jdk.internal.reflect.NativeMethodAccessorImpl.invoke0(Native Method)
at java.base/jdk.internal.reflect.NativeMethodAccessorImpl.invoke(NativeMethodAccessorImpl.java:62)
at java.base/jdk.internal.reflect.DelegatingMethodAccessorImpl.invoke(DelegatingMethodAccessorImpl.java:43)
at java.base/java.lang.reflect.Method.invoke(Method.java:566)
at org.testng.internal.MethodInvocationHelper.invokeMethod(MethodInvocationHelper.java:133)
at org.testng.internal.TestInvoker.invokeMethod(TestInvoker.java:598)
at org.testng.internal.TestInvoker.invokeTestMethod(TestInvoker.java:173)
at org.testng.internal.MethodRunner.runInSequence(MethodRunner.java:46)
at org.testng.internal.TestInvoker$MethodInvocationAgent.invoke(TestInvoker.java:824)
at org.testng.internal.TestInvoker.invokeTestMethods(TestInvoker.java:146)
at org.testng.internal.TestMethodWorker.invokeTestMethods(TestMethodWorker.java:146)
at org.testng.internal.TestMethodWorker.run(TestMethodWorker.java:128)
at java.base/java.util.ArrayList.forEach(ArrayList.java:1541)
at org.testng.TestRunner.privateRun(TestRunner.java:794)
at org.testng.TestRunner.run(TestRunner.java:596)
at org.testng.SuiteRunner.runTest(SuiteRunner.java:377)
at org.testng.SuiteRunner.runSequentially(SuiteRunner.java:371)
at org.testng.SuiteRunner.privateRun(SuiteRunner.java:332)
at org.testng.SuiteRunner.run(SuiteRunner.java:276)
at org.testng.SuiteRunnerWorker.runSuite(SuiteRunnerWorker.java:53)
at org.testng.SuiteRunnerWorker.run(SuiteRunnerWorker.java:96)
at org.testng.TestNG.runSuitesSequentially(TestNG.java:1212)
at org.testng.TestNG.runSuitesLocally(TestNG.java:1134)
at org.testng.TestNG.runSuites(TestNG.java:1063)
at org.testng.TestNG.run(TestNG.java:1031)
at org.testng.remote.AbstractRemoteTestNG.run(AbstractRemoteTestNG.java:115)
at org.testng.remote.RemoteTestNG.initAndRun(RemoteTestNG.java:251)
at org.testng.remote.RemoteTestNG.main(RemoteTestNG.java:77)
]]>
            </full-stacktrace>
          </exception> <!-- org.openqa.selenium.NoSuchElementException -->
          <reporter-output>
          </reporter-output>
        </test-method> <!-- Receipt -->
        <test-method is-config="true" signature="tearDown()[pri:0, instance:done.mm.qa.testcases.ReceiptTest@436813f3]" started-at="2021-11-04T16:18:32 IST" name="tearDown" finished-at="2021-11-04T16:18:34 IST" duration-ms="2080" status="PASS">
          <reporter-output>
          </reporter-output>
        </test-method> <!-- tearDown -->
      </class> <!-- done.mm.qa.testcases.ReceiptTest -->
      <class name="done.mm.qa.testcases.ShortCloseTest">
        <test-method is-config="true" signature="setup()[pri:0, instance:done.mm.qa.testcases.ShortCloseTest@3febb011]" started-at="2021-11-04T16:19:32 IST" name="setup" finished-at="2021-11-04T16:19:44 IST" duration-ms="12088" status="PASS">
          <reporter-output>
          </reporter-output>
        </test-method> <!-- setup -->
        <test-method signature="ShortClose()[pri:1, instance:done.mm.qa.testcases.ShortCloseTest@3febb011]" started-at="2021-11-04T16:19:44 IST" name="ShortClose" finished-at="2021-11-04T16:20:15 IST" duration-ms="31154" status="FAIL">
          <exception class="org.openqa.selenium.ElementClickInterceptedException">
            <message>
              <![CDATA[element click intercepted: Element <span class="mat-button-wrapper">...</span> is not clickable at point (1280, 125). Other element would receive the click: <div class="cdk-overlay-backdrop cdk-overlay-dark-backdrop cdk-overlay-backdrop-showing"></div>
  (Session info: chrome=93.0.4577.63)
Build info: version: '4.0.0', revision: '3a21814679'
System info: host: 'BuildSupply-PC9', ip: '127.0.1.1', os.name: 'Linux', os.arch: 'amd64', os.version: '5.11.0-31-generic', java.version: '11.0.11'
Driver info: org.openqa.selenium.chrome.ChromeDriver
Command: [1d1e50e08fa5feb2705b60cb9fb0b872, clickElement {id=d97f60e0-54e1-470e-9ee2-c5629022eda0}]
Capabilities {acceptInsecureCerts: false, browserName: chrome, browserVersion: 93.0.4577.63, chrome: {chromedriverVersion: 92.0.4515.107 (87a818b10553..., userDataDir: /tmp/.com.google.Chrome.AWuwEb}, goog:chromeOptions: {debuggerAddress: localhost:46201}, javascriptEnabled: true, networkConnectionEnabled: false, pageLoadStrategy: normal, platform: LINUX, platformName: LINUX, proxy: Proxy(), se:cdp: ws://localhost:46201/devtoo..., se:cdpVersion: 93.0.4577.63, setWindowRect: true, strictFileInteractability: false, timeouts: {implicit: 0, pageLoad: 300000, script: 30000}, unhandledPromptBehavior: dismiss and notify, webauthn:extension:credBlob: true, webauthn:extension:largeBlob: true, webauthn:virtualAuthenticators: true}
Element: [[ChromeDriver: chrome on LINUX (1d1e50e08fa5feb2705b60cb9fb0b872)] -> xpath: //span[contains(text(),'Short Close')]]
Session ID: 1d1e50e08fa5feb2705b60cb9fb0b872]]>
            </message>
            <full-stacktrace>
              <![CDATA[org.openqa.selenium.ElementClickInterceptedException: element click intercepted: Element <span class="mat-button-wrapper">...</span> is not clickable at point (1280, 125). Other element would receive the click: <div class="cdk-overlay-backdrop cdk-overlay-dark-backdrop cdk-overlay-backdrop-showing"></div>
  (Session info: chrome=93.0.4577.63)
Build info: version: '4.0.0', revision: '3a21814679'
System info: host: 'BuildSupply-PC9', ip: '127.0.1.1', os.name: 'Linux', os.arch: 'amd64', os.version: '5.11.0-31-generic', java.version: '11.0.11'
Driver info: org.openqa.selenium.chrome.ChromeDriver
Command: [1d1e50e08fa5feb2705b60cb9fb0b872, clickElement {id=d97f60e0-54e1-470e-9ee2-c5629022eda0}]
Capabilities {acceptInsecureCerts: false, browserName: chrome, browserVersion: 93.0.4577.63, chrome: {chromedriverVersion: 92.0.4515.107 (87a818b10553..., userDataDir: /tmp/.com.google.Chrome.AWuwEb}, goog:chromeOptions: {debuggerAddress: localhost:46201}, javascriptEnabled: true, networkConnectionEnabled: false, pageLoadStrategy: normal, platform: LINUX, platformName: LINUX, proxy: Proxy(), se:cdp: ws://localhost:46201/devtoo..., se:cdpVersion: 93.0.4577.63, setWindowRect: true, strictFileInteractability: false, timeouts: {implicit: 0, pageLoad: 300000, script: 30000}, unhandledPromptBehavior: dismiss and notify, webauthn:extension:credBlob: true, webauthn:extension:largeBlob: true, webauthn:virtualAuthenticators: true}
Element: [[ChromeDriver: chrome on LINUX (1d1e50e08fa5feb2705b60cb9fb0b872)] -> xpath: //span[contains(text(),'Short Close')]]
Session ID: 1d1e50e08fa5feb2705b60cb9fb0b872
at java.base/jdk.internal.reflect.NativeConstructorAccessorImpl.newInstance0(Native Method)
at java.base/jdk.internal.reflect.NativeConstructorAccessorImpl.newInstance(NativeConstructorAccessorImpl.java:62)
at java.base/jdk.internal.reflect.DelegatingConstructorAccessorImpl.newInstance(DelegatingConstructorAccessorImpl.java:45)
at java.base/java.lang.reflect.Constructor.newInstance(Constructor.java:490)
at org.openqa.selenium.remote.codec.w3c.W3CHttpResponseCodec.createException(W3CHttpResponseCodec.java:200)
at org.openqa.selenium.remote.codec.w3c.W3CHttpResponseCodec.decode(W3CHttpResponseCodec.java:133)
at org.openqa.selenium.remote.codec.w3c.W3CHttpResponseCodec.decode(W3CHttpResponseCodec.java:53)
at org.openqa.selenium.remote.HttpCommandExecutor.execute(HttpCommandExecutor.java:184)
at org.openqa.selenium.remote.service.DriverCommandExecutor.invokeExecute(DriverCommandExecutor.java:164)
at org.openqa.selenium.remote.service.DriverCommandExecutor.execute(DriverCommandExecutor.java:139)
at org.openqa.selenium.remote.RemoteWebDriver.execute(RemoteWebDriver.java:559)
at org.openqa.selenium.remote.RemoteWebElement.execute(RemoteWebElement.java:251)
at org.openqa.selenium.remote.RemoteWebElement.click(RemoteWebElement.java:77)
at jdk.internal.reflect.GeneratedMethodAccessor1.invoke(Unknown Source)
at java.base/jdk.internal.reflect.DelegatingMethodAccessorImpl.invoke(DelegatingMethodAccessorImpl.java:43)
at java.base/java.lang.reflect.Method.invoke(Method.java:566)
at org.openqa.selenium.support.events.EventFiringWebDriver$EventFiringWebElement.lambda$new$0(EventFiringWebDriver.java:414)
at com.sun.proxy.$Proxy20.click(Unknown Source)
at org.openqa.selenium.support.events.EventFiringWebDriver$EventFiringWebElement.click(EventFiringWebDriver.java:427)
at jdk.internal.reflect.GeneratedMethodAccessor1.invoke(Unknown Source)
at java.base/jdk.internal.reflect.DelegatingMethodAccessorImpl.invoke(DelegatingMethodAccessorImpl.java:43)
at java.base/java.lang.reflect.Method.invoke(Method.java:566)
at org.openqa.selenium.support.pagefactory.internal.LocatingElementHandler.invoke(LocatingElementHandler.java:52)
at com.sun.proxy.$Proxy19.click(Unknown Source)
at done.mm.qa.pages.Receipt_Shortclose_Payment.Shortclose(Receipt_Shortclose_Payment.java:218)
at done.mm.qa.testcases.ShortCloseTest.ShortClose(ShortCloseTest.java:35)
at java.base/jdk.internal.reflect.NativeMethodAccessorImpl.invoke0(Native Method)
at java.base/jdk.internal.reflect.NativeMethodAccessorImpl.invoke(NativeMethodAccessorImpl.java:62)
at java.base/jdk.internal.reflect.DelegatingMethodAccessorImpl.invoke(DelegatingMethodAccessorImpl.java:43)
at java.base/java.lang.reflect.Method.invoke(Method.java:566)
at org.testng.internal.MethodInvocationHelper.invokeMethod(MethodInvocationHelper.java:133)
at org.testng.internal.TestInvoker.invokeMethod(TestInvoker.java:598)
at org.testng.internal.TestInvoker.invokeTestMethod(TestInvoker.java:173)
at org.testng.internal.MethodRunner.runInSequence(MethodRunner.java:46)
at org.testng.internal.TestInvoker$MethodInvocationAgent.invoke(TestInvoker.java:824)
at org.testng.internal.TestInvoker.invokeTestMethods(TestInvoker.java:146)
at org.testng.internal.TestMethodWorker.invokeTestMethods(TestMethodWorker.java:146)
at org.testng.internal.TestMethodWorker.run(TestMethodWorker.java:128)
at java.base/java.util.ArrayList.forEach(ArrayList.java:1541)
at org.testng.TestRunner.privateRun(TestRunner.java:794)
at org.testng.TestRunner.run(TestRunner.java:596)
at org.testng.SuiteRunner.runTest(SuiteRunner.java:377)
at org.testng.SuiteRunner.runSequentially(SuiteRunner.java:371)
at org.testng.SuiteRunner.privateRun(SuiteRunner.java:332)
at org.testng.SuiteRunner.run(SuiteRunner.java:276)
at org.testng.SuiteRunnerWorker.runSuite(SuiteRunnerWorker.java:53)
at org.testng.SuiteRunnerWorker.run(SuiteRunnerWorker.java:96)
at org.testng.TestNG.runSuitesSequentially(TestNG.java:1212)
at org.testng.TestNG.runSuitesLocally(TestNG.java:1134)
at org.testng.TestNG.runSuites(TestNG.java:1063)
at org.testng.TestNG.run(TestNG.java:1031)
at org.testng.remote.AbstractRemoteTestNG.run(AbstractRemoteTestNG.java:115)
at org.testng.remote.RemoteTestNG.initAndRun(RemoteTestNG.java:251)
at org.testng.remote.RemoteTestNG.main(RemoteTestNG.java:77)
]]>
            </full-stacktrace>
          </exception> <!-- org.openqa.selenium.ElementClickInterceptedException -->
          <reporter-output>
          </reporter-output>
        </test-method> <!-- ShortClose -->
        <test-method is-config="true" signature="tearDown()[pri:0, instance:done.mm.qa.testcases.ShortCloseTest@3febb011]" started-at="2021-11-04T16:20:15 IST" name="tearDown" finished-at="2021-11-04T16:20:17 IST" duration-ms="2078" status="PASS">
          <reporter-output>
          </reporter-output>
        </test-method> <!-- tearDown -->
      </class> <!-- done.mm.qa.testcases.ShortCloseTest -->
      <class name="done.mm.qa.testcases.CreatePoTest">
        <test-method is-config="true" signature="setup()[pri:0, instance:done.mm.qa.testcases.CreatePoTest@223d2c72]" started-at="2021-11-04T16:15:10 IST" name="setup" finished-at="2021-11-04T16:15:22 IST" duration-ms="11329" status="PASS">
          <reporter-output>
          </reporter-output>
        </test-method> <!-- setup -->
        <test-method signature="CreatePO()[pri:1, instance:done.mm.qa.testcases.CreatePoTest@223d2c72]" started-at="2021-11-04T16:15:22 IST" name="CreatePO" finished-at="2021-11-04T16:16:35 IST" duration-ms="73120" status="PASS">
          <reporter-output>
          </reporter-output>
        </test-method> <!-- CreatePO -->
        <test-method is-config="true" signature="tearDown()[pri:0, instance:done.mm.qa.testcases.CreatePoTest@223d2c72]" started-at="2021-11-04T16:16:35 IST" name="tearDown" finished-at="2021-11-04T16:16:37 IST" duration-ms="2086" status="PASS">
          <reporter-output>
          </reporter-output>
        </test-method> <!-- tearDown -->
      </class> <!-- done.mm.qa.testcases.CreatePoTest -->
      <class name="done.mm.qa.testcases.RaisePrTest">
        <test-method is-config="true" signature="setup()[pri:0, instance:done.mm.qa.testcases.RaisePrTest@47af7f3d]" started-at="2021-11-04T16:14:02 IST" name="setup" finished-at="2021-11-04T16:14:14 IST" duration-ms="11960" status="PASS">
          <reporter-output>
          </reporter-output>
        </test-method> <!-- setup -->
        <test-method signature="RaisePR()[pri:1, instance:done.mm.qa.testcases.RaisePrTest@47af7f3d]" started-at="2021-11-04T16:14:14 IST" name="RaisePR" finished-at="2021-11-04T16:14:33 IST" duration-ms="18411" status="PASS">
          <reporter-output>
          </reporter-output>
        </test-method> <!-- RaisePR -->
        <test-method is-config="true" signature="tearDown()[pri:0, instance:done.mm.qa.testcases.RaisePrTest@47af7f3d]" started-at="2021-11-04T16:14:33 IST" name="tearDown" finished-at="2021-11-04T16:14:35 IST" duration-ms="2082" status="PASS">
          <reporter-output>
          </reporter-output>
        </test-method> <!-- tearDown -->
      </class> <!-- done.mm.qa.testcases.RaisePrTest -->
      <class name="done.mm.qa.testcases.HambergerMenuTest">
        <test-method is-config="true" signature="setup()[pri:0, instance:done.mm.qa.testcases.HambergerMenuTest@77847718]" started-at="2021-11-04T16:21:08 IST" name="setup" finished-at="2021-11-04T16:21:19 IST" duration-ms="10456" status="PASS">
          <reporter-output>
          </reporter-output>
        </test-method> <!-- setup -->
        <test-method signature="Hamburgermenu()[pri:1, instance:done.mm.qa.testcases.HambergerMenuTest@77847718]" started-at="2021-11-04T16:21:19 IST" name="Hamburgermenu" finished-at="2021-11-04T16:22:19 IST" duration-ms="59982" status="PASS">
          <reporter-output>
          </reporter-output>
        </test-method> <!-- Hamburgermenu -->
        <test-method is-config="true" signature="tearDown()[pri:0, instance:done.mm.qa.testcases.HambergerMenuTest@77847718]" started-at="2021-11-04T16:22:19 IST" name="tearDown" finished-at="2021-11-04T16:22:21 IST" duration-ms="2083" status="PASS">
          <reporter-output>
          </reporter-output>
        </test-method> <!-- tearDown -->
      </class> <!-- done.mm.qa.testcases.HambergerMenuTest -->
    </test> <!-- done.mm.qa.testcases -->
  </suite> <!-- Suite3 -->
</testng-results>
